Python version:
Python 3.10.16
Conda version:
conda 4.9.2
------------------------------
Do S1_S2:  False
Do ESA_WC:  False
Do CLASSIF:  False
Do MEAN:  True
Do HISTO:  True
Do WATER_MASK:  False
Do ZOOM_MASK:  False
Do MAPS:  True
Variable:  gamma_est
plot range:  -0.5 2.5
Colormap:  cividis
Start
No automatic download, please use the Downloader object to download the data
No automatic download, please use the Downloader object to download the data
No automatic download, please use the Downloader object to download the data
No automatic download, please use the Downloader object to download the data
>>> Opening Porto Alegre raster files
Opening SWOT raster at time: 2024-05-06 11:46:33
Opening SWOT raster at time: 2024-03-25 18:16:24
Opening SWOT raster at time: 2024-03-04 21:31:21
Opening SWOT raster at time: 2024-01-23 04:01:11
Opening SWOT raster at time: 2025-02-01 17:32:35
Elapsed time: 62.48 s
>>> Opening Ohio raster files
Opening SWOT raster at time: 2025-02-20 18:02:16
Opening SWOT raster at time: 2023-10-29 20:45:25
Opening SWOT raster at time: 2023-12-10 14:15:25
Opening SWOT raster at time: 2024-03-23 22:00:59
Opening SWOT raster at time: 2023-09-18 03:15:18
Elapsed time: 62.65 s
>>> Opening Chinon raster files
Opening SWOT raster at time: 2024-03-31 15:16:13
Opening SWOT raster at time: 2024-09-14 13:16:51
Opening SWOT raster at time: 2024-08-03 19:46:40
Opening SWOT raster at time: 2024-10-05 10:01:59
Opening SWOT raster at time: 2024-08-24 16:31:44
Elapsed time: 15.9 s
>>> Opening EMSR 692 raster files
Opening SWOT raster at time: 2023-09-15 07:08:16
Opening SWOT raster at time: 2024-07-24 06:24:25
Opening SWOT raster at time: 2024-04-10 22:39:02
Opening SWOT raster at time: 2024-05-01 19:24:16
Opening SWOT raster at time: 2024-07-03 09:39:20
Elapsed time: 119.96 s
Total Elapsed time: 260.99 s
Plotting mean images
Elapsed time:  53.38 s for mean images
Plotting histograms
Elapsed time:  86.0 s for histograms
Plotting maps coherence interferometric
Elapsed time:  983.69 s for variable maps
Done.
Total elapsed time:  1386.96 s
------------------------------
Do S1_S2:  False
Do ESA_WC:  False
Do CLASSIF:  False
Do MEAN:  True
Do HISTO:  True
Do WATER_MASK:  False
Do ZOOM_MASK:  False
Do MAPS:  True
Variable:  sig0
plot range:  -20.0 40.0
Colormap:  viridis
Start
No automatic download, please use the Downloader object to download the data
No automatic download, please use the Downloader object to download the data
No automatic download, please use the Downloader object to download the data
No automatic download, please use the Downloader object to download the data
>>> Opening Porto Alegre raster files
Opening SWOT raster at time: 2024-05-06 11:46:33
Opening SWOT raster at time: 2024-03-25 18:16:24
Opening SWOT raster at time: 2024-03-04 21:31:21
Opening SWOT raster at time: 2024-01-23 04:01:11
Opening SWOT raster at time: 2025-02-01 17:32:35
Elapsed time: 57.72 s
>>> Opening Ohio raster files
Opening SWOT raster at time: 2025-02-20 18:02:16
Opening SWOT raster at time: 2023-10-29 20:45:25
Opening SWOT raster at time: 2023-12-10 14:15:25
Opening SWOT raster at time: 2024-03-23 22:00:59
Opening SWOT raster at time: 2023-09-18 03:15:18
Elapsed time: 56.79 s
>>> Opening Chinon raster files
Opening SWOT raster at time: 2024-03-31 15:16:13
Opening SWOT raster at time: 2024-09-14 13:16:51
Opening SWOT raster at time: 2024-08-03 19:46:40
Opening SWOT raster at time: 2024-10-05 10:01:59
Opening SWOT raster at time: 2024-08-24 16:31:44
Elapsed time: 15.03 s
>>> Opening EMSR 692 raster files
Opening SWOT raster at time: 2023-09-15 07:08:16
Opening SWOT raster at time: 2024-07-24 06:24:25
Opening SWOT raster at time: 2024-04-10 22:39:02
Opening SWOT raster at time: 2024-05-01 19:24:16
Opening SWOT raster at time: 2024-07-03 09:39:20
Elapsed time: 115.69 s
Total Elapsed time: 245.23 s
Plotting mean images
Elapsed time:  33.21 s for mean images
Plotting histograms
Elapsed time:  47.92 s for histograms
Plotting maps coherence interferometric
Elapsed time:  982.5 s for variable maps
Done.
Total elapsed time:  1310.94 s
------------------------------
Do S1_S2:  False
Do ESA_WC:  False
Do CLASSIF:  False
Do MEAN:  True
Do HISTO:  True
Do WATER_MASK:  False
Do ZOOM_MASK:  False
Do MAPS:  True
Variable:  coherent_power
plot range:  45.0 85.0
Colormap:  plasma
Start
No automatic download, please use the Downloader object to download the data
No automatic download, please use the Downloader object to download the data
No automatic download, please use the Downloader object to download the data
No automatic download, please use the Downloader object to download the data
>>> Opening Porto Alegre raster files
Opening SWOT raster at time: 2024-05-06 11:46:33
Opening SWOT raster at time: 2024-03-25 18:16:24
Opening SWOT raster at time: 2024-03-04 21:31:21
Opening SWOT raster at time: 2024-01-23 04:01:11
Opening SWOT raster at time: 2025-02-01 17:32:35
Elapsed time: 56.59 s
>>> Opening Ohio raster files
Opening SWOT raster at time: 2025-02-20 18:02:16
Opening SWOT raster at time: 2023-10-29 20:45:25
Opening SWOT raster at time: 2023-12-10 14:15:25
Opening SWOT raster at time: 2024-03-23 22:00:59
Opening SWOT raster at time: 2023-09-18 03:15:18
Elapsed time: 55.56 s
>>> Opening Chinon raster files
Opening SWOT raster at time: 2024-03-31 15:16:13
Opening SWOT raster at time: 2024-09-14 13:16:51
Opening SWOT raster at time: 2024-08-03 19:46:40
Opening SWOT raster at time: 2024-10-05 10:01:59
Opening SWOT raster at time: 2024-08-24 16:31:44
Elapsed time: 13.89 s
>>> Opening EMSR 692 raster files
Opening SWOT raster at time: 2023-09-15 07:08:16
Opening SWOT raster at time: 2024-07-24 06:24:25
Opening SWOT raster at time: 2024-04-10 22:39:02
Opening SWOT raster at time: 2024-05-01 19:24:16
Opening SWOT raster at time: 2024-07-03 09:39:20
Elapsed time: 114.18 s
Total Elapsed time: 240.21 s
Plotting mean images
Elapsed time:  30.98 s for mean images
Plotting histograms
Elapsed time:  48.09 s for histograms
Plotting maps coherence interferometric
Elapsed time:  983.04 s for variable maps
Done.
Total elapsed time:  1303.38 s
